TN:
SF:app.js
FN:35,(anonymous_0)
FN:40,(anonymous_1)
FNF:2
FNH:0
FNDA:0,(anonymous_0)
FNDA:0,(anonymous_1)
DA:1,1
DA:2,1
DA:3,1
DA:4,1
DA:5,1
DA:6,1
DA:7,1
DA:8,1
DA:9,1
DA:10,1
DA:11,1
DA:12,1
DA:14,1
DA:17,1
DA:18,1
DA:19,1
DA:21,1
DA:22,1
DA:23,1
DA:24,1
DA:25,1
DA:26,1
DA:27,1
DA:28,1
DA:29,1
DA:30,1
DA:32,1
DA:35,1
DA:36,0
DA:40,1
DA:42,0
DA:43,0
DA:46,0
DA:47,0
DA:50,1
LF:35
LH:30
BRDA:43,0,0,0
BRDA:43,0,1,0
BRDA:46,1,0,0
BRDA:46,1,1,0
BRF:4
BRH:0
end_of_record
TN:
SF:middlewares/auth.js
FN:5,(anonymous_0)
FNF:1
FNH:1
FNDA:10,(anonymous_0)
DA:1,1
DA:2,1
DA:3,1
DA:5,1
DA:8,10
DA:16,1
LF:6
LH:6
BRF:0
BRH:0
end_of_record
TN:
SF:middlewares/chunk.js
FN:7,(anonymous_0)
FNF:1
FNH:1
FNDA:10,(anonymous_0)
DA:1,1
DA:2,1
DA:4,1
DA:5,1
DA:7,1
DA:8,10
DA:9,0
DA:11,10
DA:20,1
LF:9
LH:8
BRDA:8,0,0,0
BRDA:8,0,1,10
BRF:2
BRH:1
end_of_record
TN:
SF:routes/api.js
FN:13,(anonymous_0)
FN:21,(anonymous_1)
FN:28,(anonymous_2)
FN:38,(anonymous_3)
FN:68,(anonymous_4)
FN:76,(anonymous_5)
FN:86,(anonymous_6)
FN:112,(anonymous_7)
FN:119,(anonymous_8)
FN:126,(anonymous_9)
FN:131,(anonymous_10)
FN:148,(anonymous_11)
FN:157,(anonymous_12)
FN:166,(anonymous_13)
FN:176,(anonymous_14)
FN:183,(anonymous_15)
FN:190,(anonymous_16)
FN:199,(anonymous_17)
FN:205,(anonymous_18)
FN:212,(anonymous_19)
FN:222,(anonymous_20)
FN:230,(anonymous_21)
FN:236,(anonymous_22)
FNF:23
FNH:5
FNDA:0,(anonymous_0)
FNDA:0,(anonymous_1)
FNDA:0,(anonymous_2)
FNDA:4,(anonymous_3)
FNDA:1,(anonymous_4)
FNDA:1,(anonymous_5)
FNDA:1,(anonymous_6)
FNDA:3,(anonymous_7)
FNDA:0,(anonymous_8)
FNDA:0,(anonymous_9)
FNDA:0,(anonymous_10)
FNDA:0,(anonymous_11)
FNDA:0,(anonymous_12)
FNDA:0,(anonymous_13)
FNDA:0,(anonymous_14)
FNDA:0,(anonymous_15)
FNDA:0,(anonymous_16)
FNDA:0,(anonymous_17)
FNDA:0,(anonymous_18)
FNDA:0,(anonymous_19)
FNDA:0,(anonymous_20)
FNDA:0,(anonymous_21)
FNDA:0,(anonymous_22)
DA:1,1
DA:2,1
DA:3,1
DA:4,1
DA:5,1
DA:6,1
DA:7,1
DA:8,1
DA:10,1
DA:13,1
DA:15,0
DA:16,0
DA:17,0
DA:18,0
DA:21,1
DA:22,0
DA:23,0
DA:24,0
DA:25,0
DA:28,1
DA:30,0
DA:31,0
DA:32,0
DA:34,0
DA:38,1
DA:41,4
DA:42,1
DA:47,3
DA:48,3
DA:49,1
DA:52,1
DA:55,2
DA:56,1
DA:61,1
DA:68,1
DA:70,1
DA:71,1
DA:76,1
DA:78,1
DA:79,1
DA:80,1
DA:81,1
DA:86,1
DA:89,1
DA:91,1
DA:92,1
DA:94,1
DA:96,1
DA:97,2
DA:99,1
DA:100,1
DA:104,0
DA:105,0
DA:112,1
DA:114,3
DA:115,3
DA:119,1
DA:121,0
DA:122,0
DA:126,1
DA:127,0
DA:128,0
DA:131,1
DA:134,0
DA:135,0
DA:136,0
DA:137,0
DA:141,0
DA:142,0
DA:148,1
DA:150,0
DA:152,0
DA:157,1
DA:159,0
DA:161,0
DA:166,1
DA:168,0
DA:170,0
DA:176,1
DA:178,0
DA:180,0
DA:183,1
DA:185,0
DA:187,0
DA:190,1
DA:192,0
DA:194,0
DA:199,1
DA:201,0
DA:202,0
DA:205,1
DA:206,0
DA:208,0
DA:212,1
DA:215,0
DA:219,0
DA:222,1
DA:223,0
DA:224,0
DA:225,0
DA:227,0
DA:230,1
DA:231,0
DA:232,0
DA:236,1
DA:243,1
LF:106
LH:58
BRDA:41,0,0,1
BRDA:41,0,1,3
BRDA:41,1,0,4
BRDA:41,1,1,4
BRDA:41,1,2,3
BRDA:48,2,0,1
BRDA:48,2,1,2
BRDA:55,3,0,1
BRDA:55,3,1,1
BRDA:89,4,0,1
BRDA:89,4,1,0
BRDA:134,5,0,0
BRDA:134,5,1,0
BRF:13
BRH:10
end_of_record
TN:
SF:routes/session.js
FN:16,(anonymous_0)
FN:46,(anonymous_1)
FN:86,(anonymous_2)
FNF:3
FNH:0
FNDA:0,(anonymous_0)
FNDA:0,(anonymous_1)
FNDA:0,(anonymous_2)
DA:1,1
DA:2,1
DA:3,1
DA:4,1
DA:5,1
DA:6,1
DA:7,1
DA:9,1
DA:10,1
DA:11,1
DA:14,1
DA:17,0
DA:18,0
DA:19,0
DA:20,0
DA:21,0
DA:24,0
DA:30,0
DA:32,0
DA:39,1
DA:47,0
DA:48,0
DA:49,0
DA:50,0
DA:53,0
DA:55,0
DA:57,0
DA:58,0
DA:60,0
DA:61,0
DA:65,0
DA:74,0
DA:81,0
DA:84,1
DA:87,0
DA:89,0
DA:91,0
DA:93,0
DA:98,0
DA:104,0
DA:106,0
DA:116,1
LF:42
LH:14
BRDA:19,0,0,0
BRDA:19,0,1,0
BRDA:19,1,0,0
BRDA:19,1,1,0
BRDA:48,2,0,0
BRDA:48,2,1,0
BRF:6
BRH:0
end_of_record
TN:
SF:socket/socket.js
FN:6,setup
FN:9,(anonymous_1)
FN:13,(anonymous_2)
FNF:3
FNH:1
FNDA:1,setup
FNDA:0,(anonymous_1)
FNDA:0,(anonymous_2)
DA:2,1
DA:7,1
DA:8,1
DA:9,1
DA:13,1
DA:22,1
LF:6
LH:6
BRF:0
BRH:0
end_of_record
TN:
SF:src/cipher/cipher.js
FN:3,hashPassword
FNF:1
FNH:0
FNDA:0,hashPassword
DA:1,1
DA:4,0
DA:8,1
LF:3
LH:2
BRF:0
BRH:0
end_of_record
TN:
SF:src/database/mongo.js
FN:12,(anonymous_0)
FN:17,(anonymous_1)
FN:27,(anonymous_2)
FN:31,(anonymous_3)
FN:39,(anonymous_4)
FN:48,(anonymous_5)
FN:52,(anonymous_6)
FN:56,(anonymous_7)
FN:61,(anonymous_8)
FN:65,(anonymous_9)
FN:66,(anonymous_10)
FN:75,(anonymous_11)
FN:79,(anonymous_12)
FN:83,(anonymous_13)
FNF:14
FNH:8
FNDA:6,(anonymous_0)
FNDA:3,(anonymous_1)
FNDA:2,(anonymous_2)
FNDA:8,(anonymous_3)
FNDA:1,(anonymous_4)
FNDA:12,(anonymous_5)
FNDA:49,(anonymous_6)
FNDA:1,(anonymous_7)
FNDA:0,(anonymous_8)
FNDA:0,(anonymous_9)
FNDA:0,(anonymous_10)
FNDA:0,(anonymous_11)
FNDA:0,(anonymous_12)
FNDA:0,(anonymous_13)
DA:1,1
DA:2,1
DA:3,1
DA:13,6
DA:14,6
DA:18,3
DA:19,3
DA:20,2
DA:21,2
DA:28,2
DA:32,8
DA:33,8
DA:40,1
DA:41,1
DA:49,12
DA:53,49
DA:57,1
DA:62,0
DA:66,0
DA:67,0
DA:76,0
DA:80,0
DA:84,0
DA:90,1
LF:24
LH:18
BRDA:13,0,0,1
BRDA:13,0,1,5
BRF:2
BRH:2
end_of_record
TN:
SF:src/mail/gmail.js
FN:12,sign
FN:13,(anonymous_1)
FN:15,(anonymous_2)
FN:31,authorize
FN:37,(anonymous_4)
FN:50,getNewToken
FN:60,(anonymous_6)
FN:62,(anonymous_7)
FN:66,(anonymous_8)
FN:80,listLabels
FN:84,(anonymous_10)
FN:89,(anonymous_11)
FNF:12
FNH:0
FNDA:0,sign
FNDA:0,(anonymous_1)
FNDA:0,(anonymous_2)
FNDA:0,authorize
FNDA:0,(anonymous_4)
FNDA:0,getNewToken
FNDA:0,(anonymous_6)
FNDA:0,(anonymous_7)
FNDA:0,(anonymous_8)
FNDA:0,listLabels
FNDA:0,(anonymous_10)
FNDA:0,(anonymous_11)
DA:1,1
DA:2,1
DA:3,1
DA:6,1
DA:10,1
DA:13,0
DA:15,0
DA:16,0
DA:18,0
DA:32,0
DA:33,0
DA:37,0
DA:38,0
DA:39,0
DA:40,0
DA:51,0
DA:55,0
DA:56,0
DA:60,0
DA:61,0
DA:62,0
DA:63,0
DA:64,0
DA:66,0
DA:67,0
DA:68,0
DA:70,0
DA:81,0
DA:82,0
DA:85,0
DA:86,0
DA:87,0
DA:88,0
DA:89,0
DA:90,0
DA:93,0
DA:98,1
LF:37
LH:6
BRDA:16,0,0,0
BRDA:16,0,1,0
BRDA:38,1,0,0
BRDA:38,1,1,0
BRDA:63,2,0,0
BRDA:63,2,1,0
BRDA:67,3,0,0
BRDA:67,3,1,0
BRDA:85,4,0,0
BRDA:85,4,1,0
BRDA:87,5,0,0
BRDA:87,5,1,0
BRF:12
BRH:0
end_of_record
TN:
SF:src/mail/mailbuilder.js
FN:5,build
FNF:1
FNH:0
FNDA:0,build
DA:7,0
DA:9,0
DA:18,0
DA:19,0
DA:24,1
LF:5
LH:1
BRF:0
BRH:0
end_of_record
